<?xml version="1.0" encoding="UTF-8"?>
<testsuite name="TimerModuleTest" tests="6" skipped="0" failures="0" errors="0" timestamp="2018-12-02T16:08:18" hostname="MAC-14883" time="0.029">
  <properties/>
  <testcase name="whenAddTimerCalled_getTimersReturnsObservableOfTimers" classname="TimerModuleTest" time="0.011"/>
  <testcase name="whenTimerTarget_thenReturnsFullMaybe" classname="TimerModuleTest" time="0.012"/>
  <testcase name="whenObserveCalled_returnsPublishSubjectOfSwitchEvent" classname="TimerModuleTest" time="0.0"/>
  <testcase name="whenObserveCalled_returnsIntervalObservableOfSwitchEvents" classname="TimerModuleTest" time="0.0"/>
  <testcase name="whenNotTimerTarget_thenReturnsEmptyMaybe" classname="TimerModuleTest" time="0.001"/>
  <testcase name="whenObserveCalled_returnsIntervalObservableOfSwitchEventsMANUALTEST" classname="TimerModuleTest" time="0.003"/>
  <system-out><![CDATA[]]></system-out>
  <system-err><![CDATA[]]></system-err>
</testsuite>
