<?xml version="1.0" encoding="UTF-8"?>
<testsuite name="TimerEventTest" tests="8" skipped="0" failures="0" errors="0" timestamp="2018-12-02T16:08:18" hostname="MAC-14883" time="0.039">
  <properties/>
  <testcase name="given2NonOverlappingEvents_whenIsOverLappingCalled_ReturnsFalse" classname="TimerEventTest" time="0.033"/>
  <testcase name="givenEventNextDay_WhenGetMinsUntilStartIsCalled_thenReturnCorrectTime" classname="TimerEventTest" time="0.004"/>
  <testcase name="whenGetRxIntervalCalled_returnsIntervalObservableOfBooleanValues" classname="TimerEventTest" time="0.001"/>
  <testcase name="givenEventOnSameDay_WhenGetMinsUntilStartIsCalled_thenReturnCorrectTime" classname="TimerEventTest" time="0.0"/>
  <testcase name="given1EventInsideAnotherOverMidnight_whenIsOverLappingCalled_ReturnsTrue" classname="TimerEventTest" time="0.0"/>
  <testcase name="given2OverlappingEventsOverMidnight_whenIsOverLappingCalled_ReturnsTrue" classname="TimerEventTest" time="0.0"/>
  <testcase name="given2OverlappingEvents_whenIsOverLappingCalled_ReturnsTrue" classname="TimerEventTest" time="0.0"/>
  <testcase name="givenEventOnSameDayAgain_WhenGetMinsUntilStartIsCalled_thenReturnCorrectTime" classname="TimerEventTest" time="0.0"/>
  <system-out><![CDATA[]]></system-out>
  <system-err><![CDATA[]]></system-err>
</testsuite>
